{"D:\\growdev2\\BD\\TrabalhoFinalBackJwt\\src\\adapters\\bcrypt.adapter.ts": {"path":"D:\\growdev2\\BD\\TrabalhoFinalBackJwt\\src\\adapters\\bcrypt.adapter.ts","statementMap":{"0":{"start":{"line":1,"column":0},"end":{"line":1,"column":28}},"1":{"start":{"line":7,"column":8},"end":{"line":7,"column":26}},"2":{"start":{"line":11,"column":21},"end":{"line":11,"column":57}},"3":{"start":{"line":12,"column":8},"end":{"line":12,"column":20}},"4":{"start":{"line":17,"column":28},"end":{"line":17,"column":61}},"5":{"start":{"line":18,"column":8},"end":{"line":18,"column":27}},"6":{"start":{"line":3,"column":0},"end":{"line":3,"column":13}}},"fnMap":{"0":{"name":"(anonymous_1)","decl":{"start":{"line":6,"column":4},"end":{"line":6,"column":16}},"loc":{"start":{"line":6,"column":28},"end":{"line":8,"column":5}}},"1":{"name":"(anonymous_2)","decl":{"start":{"line":10,"column":11},"end":{"line":10,"column":16}},"loc":{"start":{"line":10,"column":40},"end":{"line":14,"column":5}}},"2":{"name":"(anonymous_3)","decl":{"start":{"line":16,"column":11},"end":{"line":16,"column":16}},"loc":{"start":{"line":16,"column":57},"end":{"line":19,"column":5}}}},"branchMap":{},"s":{"0":8,"1":5,"2":1,"3":1,"4":1,"5":1,"6":8},"f":{"0":5,"1":1,"2":1},"b":{}}
,"D:\\growdev2\\BD\\TrabalhoFinalBackJwt\\src\\adapters\\index.ts": {"path":"D:\\growdev2\\BD\\TrabalhoFinalBackJwt\\src\\adapters\\index.ts","statementMap":{"0":{"start":{"line":1,"column":0},"end":{"line":1,"column":29}},"1":{"start":{"line":2,"column":0},"end":{"line":2,"column":32}}},"fnMap":{},"branchMap":{},"s":{"0":8,"1":8},"f":{},"b":{}}
,"D:\\growdev2\\BD\\TrabalhoFinalBackJwt\\src\\adapters\\jwt.adapter.ts": {"path":"D:\\growdev2\\BD\\TrabalhoFinalBackJwt\\src\\adapters\\jwt.adapter.ts","statementMap":{"0":{"start":{"line":1,"column":0},"end":{"line":1,"column":31}},"1":{"start":{"line":13,"column":8},"end":{"line":13,"column":30}},"2":{"start":{"line":14,"column":8},"end":{"line":14,"column":34}},"3":{"start":{"line":19,"column":22},"end":{"line":21,"column":10}},"4":{"start":{"line":22,"column":8},"end":{"line":22,"column":null}},"5":{"start":{"line":26,"column":21},"end":{"line":26,"column":52}},"6":{"start":{"line":27,"column":8},"end":{"line":27,"column":35}},"7":{"start":{"line":27,"column":18},"end":{"line":27,"column":35}},"8":{"start":{"line":29,"column":8},"end":{"line":29,"column":null}},"9":{"start":{"line":8,"column":0},"end":{"line":8,"column":13}}},"fnMap":{"0":{"name":"(anonymous_1)","decl":{"start":{"line":12,"column":4},"end":{"line":12,"column":16}},"loc":{"start":{"line":12,"column":48},"end":{"line":15,"column":5}}},"1":{"name":"(anonymous_2)","decl":{"start":{"line":18,"column":11},"end":{"line":18,"column":21}},"loc":{"start":{"line":18,"column":31},"end":{"line":23,"column":5}}},"2":{"name":"(anonymous_3)","decl":{"start":{"line":25,"column":11},"end":{"line":25,"column":27}},"loc":{"start":{"line":25,"column":41},"end":{"line":30,"column":5}}}},"branchMap":{"0":{"loc":{"start":{"line":27,"column":8},"end":{"line":27,"column":35}},"type":"if","locations":[{"start":{"line":27,"column":8},"end":{"line":27,"column":35}}]}},"s":{"0":8,"1":4,"2":4,"3":1,"4":1,"5":2,"6":2,"7":1,"8":1,"9":8},"f":{"0":4,"1":1,"2":2},"b":{"0":[1]}}
,"D:\\growdev2\\BD\\TrabalhoFinalBackJwt\\src\\envs\\index.ts": {"path":"D:\\growdev2\\BD\\TrabalhoFinalBackJwt\\src\\envs\\index.ts","statementMap":{"0":{"start":{"line":1,"column":0},"end":{"line":1,"column":23}},"1":{"start":{"line":3,"column":13},"end":{"line":9,"column":null}}},"fnMap":{},"branchMap":{},"s":{"0":8,"1":8},"f":{},"b":{}}
,"D:\\growdev2\\BD\\TrabalhoFinalBackJwt\\src\\models\\index.ts": {"path":"D:\\growdev2\\BD\\TrabalhoFinalBackJwt\\src\\models\\index.ts","statementMap":{"0":{"start":{"line":1,"column":0},"end":{"line":1,"column":29}},"1":{"start":{"line":2,"column":0},"end":{"line":2,"column":33}},"2":{"start":{"line":3,"column":0},"end":{"line":3,"column":30}},"3":{"start":{"line":4,"column":0},"end":{"line":4,"column":32}}},"fnMap":{},"branchMap":{},"s":{"0":6,"1":6,"2":6,"3":6},"f":{},"b":{}}
,"D:\\growdev2\\BD\\TrabalhoFinalBackJwt\\src\\models\\like.model.ts": {"path":"D:\\growdev2\\BD\\TrabalhoFinalBackJwt\\src\\models\\like.model.ts","statementMap":{"0":{"start":{"line":3,"column":12},"end":{"line":3,"column":23}},"1":{"start":{"line":7,"column":4},"end":{"line":7,"column":20}},"2":{"start":{"line":11,"column":4},"end":{"line":13,"column":6}},"3":{"start":{"line":1,"column":0},"end":{"line":1,"column":13}}},"fnMap":{"0":{"name":"(anonymous_0)","decl":{"start":{"line":2,"column":2},"end":{"line":2,"column":null}},"loc":{"start":{"line":3,"column":23},"end":{"line":4,"column":8}}},"1":{"name":"(anonymous_1)","decl":{"start":{"line":6,"column":2},"end":{"line":6,"column":13}},"loc":{"start":{"line":6,"column":15},"end":{"line":8,"column":3}}},"2":{"name":"(anonymous_2)","decl":{"start":{"line":10,"column":9},"end":{"line":10,"column":15}},"loc":{"start":{"line":10,"column":15},"end":{"line":14,"column":3}}}},"branchMap":{},"s":{"0":2,"1":0,"2":0,"3":6},"f":{"0":2,"1":0,"2":0},"b":{}}
,"D:\\growdev2\\BD\\TrabalhoFinalBackJwt\\src\\models\\reply.model.ts": {"path":"D:\\growdev2\\BD\\TrabalhoFinalBackJwt\\src\\models\\reply.model.ts","statementMap":{"0":{"start":{"line":5,"column":12},"end":{"line":5,"column":23}},"1":{"start":{"line":6,"column":12},"end":{"line":6,"column":28}},"2":{"start":{"line":7,"column":12},"end":{"line":7,"column":27}},"3":{"start":{"line":11,"column":4},"end":{"line":11,"column":20}},"4":{"start":{"line":14,"column":4},"end":{"line":14,"column":25}},"5":{"start":{"line":17,"column":4},"end":{"line":17,"column":23}},"6":{"start":{"line":21,"column":4},"end":{"line":24,"column":6}},"7":{"start":{"line":3,"column":0},"end":{"line":3,"column":13}}},"fnMap":{"0":{"name":"(anonymous_0)","decl":{"start":{"line":4,"column":2},"end":{"line":4,"column":null}},"loc":{"start":{"line":7,"column":27},"end":{"line":8,"column":6}}},"1":{"name":"(anonymous_1)","decl":{"start":{"line":10,"column":2},"end":{"line":10,"column":13}},"loc":{"start":{"line":10,"column":15},"end":{"line":12,"column":3}}},"2":{"name":"(anonymous_2)","decl":{"start":{"line":13,"column":2},"end":{"line":13,"column":13}},"loc":{"start":{"line":13,"column":20},"end":{"line":15,"column":3}}},"3":{"name":"(anonymous_3)","decl":{"start":{"line":16,"column":2},"end":{"line":16,"column":13}},"loc":{"start":{"line":16,"column":18},"end":{"line":18,"column":3}}},"4":{"name":"(anonymous_4)","decl":{"start":{"line":20,"column":9},"end":{"line":20,"column":15}},"loc":{"start":{"line":20,"column":15},"end":{"line":25,"column":3}}}},"branchMap":{},"s":{"0":3,"1":3,"2":3,"3":0,"4":0,"5":0,"6":0,"7":6},"f":{"0":3,"1":0,"2":0,"3":0,"4":0},"b":{}}
,"D:\\growdev2\\BD\\TrabalhoFinalBackJwt\\src\\models\\seguidor.model.ts": {"path":"D:\\growdev2\\BD\\TrabalhoFinalBackJwt\\src\\models\\seguidor.model.ts","statementMap":{"0":{"start":{"line":2,"column":22},"end":{"line":2,"column":33}},"1":{"start":{"line":5,"column":4},"end":{"line":5,"column":20}},"2":{"start":{"line":9,"column":4},"end":{"line":11,"column":6}},"3":{"start":{"line":1,"column":0},"end":{"line":1,"column":13}}},"fnMap":{"0":{"name":"(anonymous_0)","decl":{"start":{"line":2,"column":2},"end":{"line":2,"column":22}},"loc":{"start":{"line":2,"column":33},"end":{"line":2,"column":37}}},"1":{"name":"(anonymous_1)","decl":{"start":{"line":4,"column":2},"end":{"line":4,"column":13}},"loc":{"start":{"line":4,"column":15},"end":{"line":6,"column":3}}},"2":{"name":"(anonymous_2)","decl":{"start":{"line":8,"column":9},"end":{"line":8,"column":15}},"loc":{"start":{"line":8,"column":15},"end":{"line":12,"column":3}}}},"branchMap":{},"s":{"0":2,"1":0,"2":0,"3":6},"f":{"0":2,"1":0,"2":0},"b":{}}
,"D:\\growdev2\\BD\\TrabalhoFinalBackJwt\\src\\models\\tweet.model.ts": {"path":"D:\\growdev2\\BD\\TrabalhoFinalBackJwt\\src\\models\\tweet.model.ts","statementMap":{"0":{"start":{"line":6,"column":12},"end":{"line":6,"column":23}},"1":{"start":{"line":7,"column":12},"end":{"line":7,"column":28}},"2":{"start":{"line":8,"column":12},"end":{"line":8,"column":25}},"3":{"start":{"line":9,"column":12},"end":{"line":9,"column":27}},"4":{"start":{"line":10,"column":12},"end":{"line":10,"column":30}},"5":{"start":{"line":14,"column":4},"end":{"line":14,"column":20}},"6":{"start":{"line":18,"column":4},"end":{"line":18,"column":25}},"7":{"start":{"line":22,"column":4},"end":{"line":22,"column":22}},"8":{"start":{"line":26,"column":4},"end":{"line":26,"column":23}},"9":{"start":{"line":29,"column":4},"end":{"line":29,"column":25}},"10":{"start":{"line":33,"column":4},"end":{"line":37,"column":6}},"11":{"start":{"line":4,"column":0},"end":{"line":4,"column":13}}},"fnMap":{"0":{"name":"(anonymous_0)","decl":{"start":{"line":5,"column":2},"end":{"line":5,"column":null}},"loc":{"start":{"line":10,"column":30},"end":{"line":11,"column":6}}},"1":{"name":"(anonymous_1)","decl":{"start":{"line":13,"column":2},"end":{"line":13,"column":13}},"loc":{"start":{"line":13,"column":15},"end":{"line":15,"column":3}}},"2":{"name":"(anonymous_2)","decl":{"start":{"line":17,"column":2},"end":{"line":17,"column":13}},"loc":{"start":{"line":17,"column":20},"end":{"line":19,"column":3}}},"3":{"name":"(anonymous_3)","decl":{"start":{"line":21,"column":2},"end":{"line":21,"column":13}},"loc":{"start":{"line":21,"column":17},"end":{"line":23,"column":3}}},"4":{"name":"(anonymous_4)","decl":{"start":{"line":25,"column":2},"end":{"line":25,"column":13}},"loc":{"start":{"line":25,"column":18},"end":{"line":27,"column":3}}},"5":{"name":"(anonymous_5)","decl":{"start":{"line":28,"column":2},"end":{"line":28,"column":13}},"loc":{"start":{"line":28,"column":20},"end":{"line":30,"column":3}}},"6":{"name":"(anonymous_6)","decl":{"start":{"line":32,"column":9},"end":{"line":32,"column":15}},"loc":{"start":{"line":32,"column":15},"end":{"line":38,"column":3}}}},"branchMap":{},"s":{"0":5,"1":5,"2":5,"3":5,"4":5,"5":0,"6":0,"7":0,"8":0,"9":0,"10":0,"11":6},"f":{"0":5,"1":0,"2":0,"3":0,"4":0,"5":0,"6":0},"b":{}}
,"D:\\growdev2\\BD\\TrabalhoFinalBackJwt\\src\\models\\usuario.model.ts": {"path":"D:\\growdev2\\BD\\TrabalhoFinalBackJwt\\src\\models\\usuario.model.ts","statementMap":{"0":{"start":{"line":5,"column":12},"end":{"line":5,"column":23}},"1":{"start":{"line":6,"column":12},"end":{"line":6,"column":25}},"2":{"start":{"line":7,"column":12},"end":{"line":7,"column":28}},"3":{"start":{"line":8,"column":12},"end":{"line":8,"column":26}},"4":{"start":{"line":9,"column":12},"end":{"line":9,"column":26}},"5":{"start":{"line":10,"column":12},"end":{"line":10,"column":29}},"6":{"start":{"line":14,"column":4},"end":{"line":14,"column":20}},"7":{"start":{"line":18,"column":4},"end":{"line":18,"column":22}},"8":{"start":{"line":22,"column":4},"end":{"line":22,"column":25}},"9":{"start":{"line":26,"column":4},"end":{"line":26,"column":23}},"10":{"start":{"line":30,"column":4},"end":{"line":30,"column":23}},"11":{"start":{"line":34,"column":4},"end":{"line":34,"column":24}},"12":{"start":{"line":38,"column":4},"end":{"line":44,"column":6}},"13":{"start":{"line":3,"column":0},"end":{"line":3,"column":13}}},"fnMap":{"0":{"name":"(anonymous_0)","decl":{"start":{"line":4,"column":2},"end":{"line":4,"column":null}},"loc":{"start":{"line":10,"column":29},"end":{"line":11,"column":6}}},"1":{"name":"(anonymous_1)","decl":{"start":{"line":13,"column":2},"end":{"line":13,"column":13}},"loc":{"start":{"line":13,"column":15},"end":{"line":15,"column":3}}},"2":{"name":"(anonymous_2)","decl":{"start":{"line":17,"column":2},"end":{"line":17,"column":13}},"loc":{"start":{"line":17,"column":17},"end":{"line":19,"column":3}}},"3":{"name":"(anonymous_3)","decl":{"start":{"line":21,"column":2},"end":{"line":21,"column":13}},"loc":{"start":{"line":21,"column":20},"end":{"line":23,"column":3}}},"4":{"name":"(anonymous_4)","decl":{"start":{"line":25,"column":2},"end":{"line":25,"column":13}},"loc":{"start":{"line":25,"column":18},"end":{"line":27,"column":3}}},"5":{"name":"(anonymous_5)","decl":{"start":{"line":29,"column":2},"end":{"line":29,"column":13}},"loc":{"start":{"line":29,"column":18},"end":{"line":31,"column":3}}},"6":{"name":"(anonymous_6)","decl":{"start":{"line":33,"column":2},"end":{"line":33,"column":13}},"loc":{"start":{"line":33,"column":19},"end":{"line":35,"column":3}}},"7":{"name":"(anonymous_7)","decl":{"start":{"line":37,"column":9},"end":{"line":37,"column":15}},"loc":{"start":{"line":37,"column":15},"end":{"line":45,"column":3}}}},"branchMap":{},"s":{"0":5,"1":5,"2":5,"3":5,"4":5,"5":5,"6":0,"7":0,"8":0,"9":0,"10":0,"11":0,"12":0,"13":6},"f":{"0":5,"1":0,"2":0,"3":0,"4":0,"5":0,"6":0,"7":0},"b":{}}
,"D:\\growdev2\\BD\\TrabalhoFinalBackJwt\\src\\services\\feed.service.ts": {"path":"D:\\growdev2\\BD\\TrabalhoFinalBackJwt\\src\\services\\feed.service.ts","statementMap":{"0":{"start":{"line":2,"column":0},"end":{"line":2,"column":55}},"1":{"start":{"line":7,"column":25},"end":{"line":19,"column":6}},"2":{"start":{"line":21,"column":26},"end":{"line":25,"column":6}},"3":{"start":{"line":27,"column":33},"end":{"line":27,"column":46}},"4":{"start":{"line":29,"column":4},"end":{"line":35,"column":7}},"5":{"start":{"line":30,"column":6},"end":{"line":34,"column":null}},"6":{"start":{"line":31,"column":8},"end":{"line":33,"column":11}},"7":{"start":{"line":32,"column":10},"end":{"line":32,"column":33}},"8":{"start":{"line":37,"column":4},"end":{"line":37,"column":75}},"9":{"start":{"line":37,"column":30},"end":{"line":37,"column":73}},"10":{"start":{"line":39,"column":4},"end":{"line":44,"column":6}},"11":{"start":{"line":5,"column":0},"end":{"line":5,"column":13}}},"fnMap":{"0":{"name":"(anonymous_1)","decl":{"start":{"line":6,"column":9},"end":{"line":6,"column":14}},"loc":{"start":{"line":6,"column":39},"end":{"line":45,"column":3}}},"1":{"name":"(anonymous_2)","decl":{"start":{"line":29,"column":25},"end":{"line":29,"column":26}},"loc":{"start":{"line":29,"column":38},"end":{"line":35,"column":5}}},"2":{"name":"(anonymous_3)","decl":{"start":{"line":31,"column":32},"end":{"line":31,"column":33}},"loc":{"start":{"line":31,"column":42},"end":{"line":33,"column":9}}},"3":{"name":"(anonymous_4)","decl":{"start":{"line":37,"column":20},"end":{"line":37,"column":21}},"loc":{"start":{"line":37,"column":30},"end":{"line":37,"column":73}}}},"branchMap":{"0":{"loc":{"start":{"line":30,"column":6},"end":{"line":34,"column":null}},"type":"if","locations":[{"start":{"line":30,"column":6},"end":{"line":34,"column":null}}]}},"s":{"0":6,"1":2,"2":2,"3":2,"4":2,"5":1,"6":0,"7":0,"8":2,"9":0,"10":2,"11":6},"f":{"0":2,"1":1,"2":0,"3":0},"b":{"0":[0]}}
,"D:\\growdev2\\BD\\TrabalhoFinalBackJwt\\src\\services\\index.ts": {"path":"D:\\growdev2\\BD\\TrabalhoFinalBackJwt\\src\\services\\index.ts","statementMap":{"0":{"start":{"line":1,"column":0},"end":{"line":1,"column":31}},"1":{"start":{"line":2,"column":0},"end":{"line":2,"column":31}},"2":{"start":{"line":3,"column":0},"end":{"line":3,"column":32}},"3":{"start":{"line":4,"column":0},"end":{"line":4,"column":35}},"4":{"start":{"line":5,"column":0},"end":{"line":5,"column":32}},"5":{"start":{"line":6,"column":0},"end":{"line":6,"column":34}}},"fnMap":{},"branchMap":{},"s":{"0":6,"1":6,"2":6,"3":6,"4":6,"5":6},"f":{},"b":{}}
,"D:\\growdev2\\BD\\TrabalhoFinalBackJwt\\src\\services\\like.service.ts": {"path":"D:\\growdev2\\BD\\TrabalhoFinalBackJwt\\src\\services\\like.service.ts","statementMap":{"0":{"start":{"line":2,"column":0},"end":{"line":2,"column":55}},"1":{"start":{"line":4,"column":0},"end":{"line":4,"column":44}},"2":{"start":{"line":14,"column":4},"end":{"line":28,"column":null}},"3":{"start":{"line":15,"column":6},"end":{"line":20,"column":9}},"4":{"start":{"line":22,"column":6},"end":{"line":27,"column":9}},"5":{"start":{"line":30,"column":4},"end":{"line":35,"column":6}},"6":{"start":{"line":39,"column":25},"end":{"line":41,"column":6}},"7":{"start":{"line":43,"column":4},"end":{"line":48,"column":6}},"8":{"start":{"line":52,"column":4},"end":{"line":52,"column":31}},"9":{"start":{"line":6,"column":0},"end":{"line":6,"column":13}}},"fnMap":{"0":{"name":"(anonymous_1)","decl":{"start":{"line":8,"column":9},"end":{"line":8,"column":14}},"loc":{"start":{"line":10,"column":21},"end":{"line":36,"column":3}}},"1":{"name":"(anonymous_2)","decl":{"start":{"line":38,"column":9},"end":{"line":38,"column":14}},"loc":{"start":{"line":38,"column":33},"end":{"line":49,"column":3}}},"2":{"name":"(anonymous_3)","decl":{"start":{"line":51,"column":10},"end":{"line":51,"column":15}},"loc":{"start":{"line":51,"column":46},"end":{"line":53,"column":3}}}},"branchMap":{"0":{"loc":{"start":{"line":14,"column":4},"end":{"line":28,"column":null}},"type":"if","locations":[{"start":{"line":14,"column":4},"end":{"line":28,"column":null}},{"start":{"line":21,"column":11},"end":{"line":28,"column":null}}]}},"s":{"0":6,"1":6,"2":1,"3":0,"4":1,"5":1,"6":1,"7":1,"8":2,"9":6},"f":{"0":1,"1":1,"2":2},"b":{"0":[0,1]}}
,"D:\\growdev2\\BD\\TrabalhoFinalBackJwt\\src\\services\\reply.service.ts": {"path":"D:\\growdev2\\BD\\TrabalhoFinalBackJwt\\src\\services\\reply.service.ts","statementMap":{"0":{"start":{"line":2,"column":0},"end":{"line":2,"column":55}},"1":{"start":{"line":4,"column":0},"end":{"line":4,"column":44}},"2":{"start":{"line":5,"column":0},"end":{"line":5,"column":46}},"3":{"start":{"line":11,"column":23},"end":{"line":13,"column":17}},"4":{"start":{"line":12,"column":39},"end":{"line":12,"column":59}},"5":{"start":{"line":15,"column":4},"end":{"line":15,"column":62}},"6":{"start":{"line":22,"column":20},"end":{"line":31,"column":6}},"7":{"start":{"line":33,"column":4},"end":{"line":38,"column":6}},"8":{"start":{"line":45,"column":28},"end":{"line":51,"column":6}},"9":{"start":{"line":53,"column":4},"end":{"line":58,"column":6}},"10":{"start":{"line":62,"column":18},"end":{"line":67,"column":6}},"11":{"start":{"line":69,"column":4},"end":{"line":74,"column":6}},"12":{"start":{"line":7,"column":0},"end":{"line":7,"column":13}}},"fnMap":{"0":{"name":"(anonymous_1)","decl":{"start":{"line":8,"column":10},"end":{"line":8,"column":20}},"loc":{"start":{"line":9,"column":58},"end":{"line":16,"column":3}}},"1":{"name":"(anonymous_2)","decl":{"start":{"line":12,"column":26},"end":{"line":12,"column":27}},"loc":{"start":{"line":12,"column":39},"end":{"line":12,"column":59}}},"2":{"name":"(anonymous_3)","decl":{"start":{"line":18,"column":9},"end":{"line":18,"column":14}},"loc":{"start":{"line":20,"column":21},"end":{"line":39,"column":3}}},"3":{"name":"(anonymous_4)","decl":{"start":{"line":41,"column":9},"end":{"line":41,"column":14}},"loc":{"start":{"line":43,"column":19},"end":{"line":59,"column":3}}},"4":{"name":"(anonymous_5)","decl":{"start":{"line":61,"column":9},"end":{"line":61,"column":14}},"loc":{"start":{"line":61,"column":33},"end":{"line":75,"column":3}}}},"branchMap":{"0":{"loc":{"start":{"line":11,"column":23},"end":{"line":13,"column":17}},"type":"cond-expr","locations":[{"start":{"line":12,"column":8},"end":{"line":12,"column":60}},{"start":{"line":13,"column":8},"end":{"line":13,"column":17}}]}},"s":{"0":6,"1":6,"2":6,"3":3,"4":0,"5":3,"6":1,"7":1,"8":1,"9":1,"10":1,"11":1,"12":6},"f":{"0":3,"1":0,"2":1,"3":1,"4":1},"b":{"0":[0,3]}}
,"D:\\growdev2\\BD\\TrabalhoFinalBackJwt\\src\\services\\seguidor.service.ts": {"path":"D:\\growdev2\\BD\\TrabalhoFinalBackJwt\\src\\services\\seguidor.service.ts","statementMap":{"0":{"start":{"line":2,"column":0},"end":{"line":2,"column":55}},"1":{"start":{"line":4,"column":0},"end":{"line":4,"column":37}},"2":{"start":{"line":8,"column":4},"end":{"line":8,"column":41}},"3":{"start":{"line":15,"column":25},"end":{"line":22,"column":6}},"4":{"start":{"line":24,"column":4},"end":{"line":29,"column":6}},"5":{"start":{"line":33,"column":29},"end":{"line":35,"column":6}},"6":{"start":{"line":37,"column":4},"end":{"line":42,"column":6}},"7":{"start":{"line":6,"column":0},"end":{"line":6,"column":13}}},"fnMap":{"0":{"name":"(anonymous_1)","decl":{"start":{"line":7,"column":10},"end":{"line":7,"column":15}},"loc":{"start":{"line":7,"column":57},"end":{"line":9,"column":3}}},"1":{"name":"(anonymous_2)","decl":{"start":{"line":11,"column":9},"end":{"line":11,"column":14}},"loc":{"start":{"line":13,"column":21},"end":{"line":30,"column":3}}},"2":{"name":"(anonymous_3)","decl":{"start":{"line":32,"column":9},"end":{"line":32,"column":14}},"loc":{"start":{"line":32,"column":33},"end":{"line":43,"column":3}}}},"branchMap":{},"s":{"0":6,"1":6,"2":2,"3":1,"4":1,"5":1,"6":1,"7":6},"f":{"0":2,"1":1,"2":1},"b":{}}
,"D:\\growdev2\\BD\\TrabalhoFinalBackJwt\\src\\services\\tweet.service.ts": {"path":"D:\\growdev2\\BD\\TrabalhoFinalBackJwt\\src\\services\\tweet.service.ts","statementMap":{"0":{"start":{"line":6,"column":0},"end":{"line":6,"column":55}},"1":{"start":{"line":9,"column":0},"end":{"line":9,"column":34}},"2":{"start":{"line":10,"column":0},"end":{"line":10,"column":44}},"3":{"start":{"line":11,"column":0},"end":{"line":11,"column":46}},"4":{"start":{"line":18,"column":20},"end":{"line":28,"column":6}},"5":{"start":{"line":30,"column":4},"end":{"line":35,"column":6}},"6":{"start":{"line":39,"column":21},"end":{"line":46,"column":6}},"7":{"start":{"line":48,"column":4},"end":{"line":54,"column":null}},"8":{"start":{"line":49,"column":6},"end":{"line":53,"column":8}},"9":{"start":{"line":56,"column":4},"end":{"line":61,"column":6}},"10":{"start":{"line":60,"column":33},"end":{"line":60,"column":51}},"11":{"start":{"line":65,"column":20},"end":{"line":73,"column":6}},"12":{"start":{"line":75,"column":4},"end":{"line":81,"column":null}},"13":{"start":{"line":76,"column":6},"end":{"line":80,"column":8}},"14":{"start":{"line":83,"column":4},"end":{"line":88,"column":6}},"15":{"start":{"line":95,"column":28},"end":{"line":102,"column":6}},"16":{"start":{"line":104,"column":4},"end":{"line":109,"column":6}},"17":{"start":{"line":113,"column":26},"end":{"line":119,"column":6}},"18":{"start":{"line":121,"column":4},"end":{"line":126,"column":6}},"19":{"start":{"line":134,"column":23},"end":{"line":136,"column":17}},"20":{"start":{"line":135,"column":39},"end":{"line":135,"column":59}},"21":{"start":{"line":137,"column":25},"end":{"line":141,"column":17}},"22":{"start":{"line":139,"column":23},"end":{"line":139,"column":73}},"23":{"start":{"line":143,"column":4},"end":{"line":149,"column":6}},"24":{"start":{"line":13,"column":0},"end":{"line":13,"column":13}}},"fnMap":{"0":{"name":"(anonymous_1)","decl":{"start":{"line":14,"column":9},"end":{"line":14,"column":14}},"loc":{"start":{"line":16,"column":21},"end":{"line":36,"column":3}}},"1":{"name":"(anonymous_2)","decl":{"start":{"line":38,"column":9},"end":{"line":38,"column":14}},"loc":{"start":{"line":38,"column":39},"end":{"line":62,"column":3}}},"2":{"name":"(anonymous_3)","decl":{"start":{"line":60,"column":26},"end":{"line":60,"column":27}},"loc":{"start":{"line":60,"column":33},"end":{"line":60,"column":51}}},"3":{"name":"(anonymous_4)","decl":{"start":{"line":64,"column":9},"end":{"line":64,"column":14}},"loc":{"start":{"line":64,"column":37},"end":{"line":89,"column":3}}},"4":{"name":"(anonymous_5)","decl":{"start":{"line":91,"column":9},"end":{"line":91,"column":14}},"loc":{"start":{"line":93,"column":19},"end":{"line":110,"column":3}}},"5":{"name":"(anonymous_6)","decl":{"start":{"line":112,"column":9},"end":{"line":112,"column":14}},"loc":{"start":{"line":112,"column":33},"end":{"line":127,"column":3}}},"6":{"name":"(anonymous_7)","decl":{"start":{"line":129,"column":10},"end":{"line":129,"column":20}},"loc":{"start":{"line":132,"column":5},"end":{"line":150,"column":3}}},"7":{"name":"(anonymous_8)","decl":{"start":{"line":135,"column":26},"end":{"line":135,"column":27}},"loc":{"start":{"line":135,"column":39},"end":{"line":135,"column":59}}},"8":{"name":"(anonymous_9)","decl":{"start":{"line":139,"column":10},"end":{"line":139,"column":11}},"loc":{"start":{"line":139,"column":23},"end":{"line":139,"column":73}}}},"branchMap":{"0":{"loc":{"start":{"line":48,"column":4},"end":{"line":54,"column":null}},"type":"if","locations":[{"start":{"line":48,"column":4},"end":{"line":54,"column":null}}]},"1":{"loc":{"start":{"line":75,"column":4},"end":{"line":81,"column":null}},"type":"if","locations":[{"start":{"line":75,"column":4},"end":{"line":81,"column":null}}]},"2":{"loc":{"start":{"line":134,"column":23},"end":{"line":136,"column":17}},"type":"cond-expr","locations":[{"start":{"line":135,"column":8},"end":{"line":135,"column":60}},{"start":{"line":136,"column":8},"end":{"line":136,"column":17}}]},"3":{"loc":{"start":{"line":137,"column":25},"end":{"line":141,"column":17}},"type":"cond-expr","locations":[{"start":{"line":138,"column":8},"end":{"line":139,"column":null}},{"start":{"line":141,"column":8},"end":{"line":141,"column":17}}]}},"s":{"0":6,"1":6,"2":6,"3":6,"4":1,"5":1,"6":2,"7":2,"8":1,"9":1,"10":1,"11":2,"12":2,"13":1,"14":1,"15":1,"16":1,"17":1,"18":1,"19":5,"20":0,"21":5,"22":0,"23":5,"24":6},"f":{"0":1,"1":2,"2":1,"3":2,"4":1,"5":1,"6":5,"7":0,"8":0},"b":{"0":[1],"1":[1],"2":[0,5],"3":[0,5]}}
,"D:\\growdev2\\BD\\TrabalhoFinalBackJwt\\src\\services\\usuario.service.ts": {"path":"D:\\growdev2\\BD\\TrabalhoFinalBackJwt\\src\\services\\usuario.service.ts","statementMap":{"0":{"start":{"line":6,"column":0},"end":{"line":6,"column":55}},"1":{"start":{"line":13,"column":0},"end":{"line":13,"column":43}},"2":{"start":{"line":14,"column":0},"end":{"line":14,"column":31}},"3":{"start":{"line":15,"column":0},"end":{"line":15,"column":56}},"4":{"start":{"line":20,"column":26},"end":{"line":22,"column":6}},"5":{"start":{"line":24,"column":4},"end":{"line":30,"column":null}},"6":{"start":{"line":25,"column":6},"end":{"line":29,"column":8}},"7":{"start":{"line":33,"column":19},"end":{"line":33,"column":62}},"8":{"start":{"line":34,"column":17},"end":{"line":34,"column":52}},"9":{"start":{"line":36,"column":22},"end":{"line":43,"column":6}},"10":{"start":{"line":45,"column":4},"end":{"line":50,"column":6}},"11":{"start":{"line":54,"column":30},"end":{"line":58,"column":6}},"12":{"start":{"line":60,"column":4},"end":{"line":66,"column":null}},"13":{"start":{"line":61,"column":6},"end":{"line":65,"column":8}},"14":{"start":{"line":68,"column":19},"end":{"line":68,"column":54}},"15":{"start":{"line":69,"column":22},"end":{"line":69,"column":85}},"16":{"start":{"line":71,"column":4},"end":{"line":78,"column":null}},"17":{"start":{"line":72,"column":6},"end":{"line":77,"column":8}},"18":{"start":{"line":79,"column":20},"end":{"line":83,"column":null}},"19":{"start":{"line":84,"column":16},"end":{"line":84,"column":71}},"20":{"start":{"line":85,"column":18},"end":{"line":85,"column":41}},"21":{"start":{"line":87,"column":4},"end":{"line":92,"column":6}},"22":{"start":{"line":96,"column":22},"end":{"line":99,"column":6}},"23":{"start":{"line":101,"column":4},"end":{"line":101,"column":77}},"24":{"start":{"line":103,"column":4},"end":{"line":109,"column":null}},"25":{"start":{"line":104,"column":6},"end":{"line":108,"column":8}},"26":{"start":{"line":111,"column":4},"end":{"line":116,"column":6}},"27":{"start":{"line":115,"column":40},"end":{"line":115,"column":64}},"28":{"start":{"line":120,"column":22},"end":{"line":127,"column":6}},"29":{"start":{"line":129,"column":4},"end":{"line":135,"column":null}},"30":{"start":{"line":130,"column":6},"end":{"line":134,"column":8}},"31":{"start":{"line":137,"column":4},"end":{"line":142,"column":6}},"32":{"start":{"line":146,"column":28},"end":{"line":149,"column":6}},"33":{"start":{"line":151,"column":4},"end":{"line":156,"column":6}},"34":{"start":{"line":160,"column":30},"end":{"line":168,"column":6}},"35":{"start":{"line":170,"column":4},"end":{"line":175,"column":6}},"36":{"start":{"line":181,"column":26},"end":{"line":185,"column":17}},"37":{"start":{"line":183,"column":23},"end":{"line":183,"column":75}},"38":{"start":{"line":187,"column":4},"end":{"line":194,"column":6}},"39":{"start":{"line":18,"column":0},"end":{"line":18,"column":13}}},"fnMap":{"0":{"name":"(anonymous_1)","decl":{"start":{"line":19,"column":9},"end":{"line":19,"column":14}},"loc":{"start":{"line":19,"column":51},"end":{"line":51,"column":3}}},"1":{"name":"(anonymous_2)","decl":{"start":{"line":53,"column":9},"end":{"line":53,"column":14}},"loc":{"start":{"line":53,"column":36},"end":{"line":93,"column":3}}},"2":{"name":"(anonymous_3)","decl":{"start":{"line":95,"column":9},"end":{"line":95,"column":14}},"loc":{"start":{"line":95,"column":21},"end":{"line":117,"column":3}}},"3":{"name":"(anonymous_4)","decl":{"start":{"line":115,"column":27},"end":{"line":115,"column":28}},"loc":{"start":{"line":115,"column":40},"end":{"line":115,"column":64}}},"4":{"name":"(anonymous_5)","decl":{"start":{"line":119,"column":9},"end":{"line":119,"column":14}},"loc":{"start":{"line":119,"column":37},"end":{"line":143,"column":3}}},"5":{"name":"(anonymous_6)","decl":{"start":{"line":145,"column":9},"end":{"line":145,"column":14}},"loc":{"start":{"line":145,"column":33},"end":{"line":157,"column":3}}},"6":{"name":"(anonymous_7)","decl":{"start":{"line":159,"column":9},"end":{"line":159,"column":14}},"loc":{"start":{"line":159,"column":51},"end":{"line":176,"column":3}}},"7":{"name":"(anonymous_8)","decl":{"start":{"line":178,"column":10},"end":{"line":178,"column":15}},"loc":{"start":{"line":179,"column":65},"end":{"line":195,"column":3}}},"8":{"name":"(anonymous_9)","decl":{"start":{"line":183,"column":10},"end":{"line":183,"column":11}},"loc":{"start":{"line":183,"column":23},"end":{"line":183,"column":75}}}},"branchMap":{"0":{"loc":{"start":{"line":24,"column":4},"end":{"line":30,"column":null}},"type":"if","locations":[{"start":{"line":24,"column":4},"end":{"line":30,"column":null}}]},"1":{"loc":{"start":{"line":60,"column":4},"end":{"line":66,"column":null}},"type":"if","locations":[{"start":{"line":60,"column":4},"end":{"line":66,"column":null}}]},"2":{"loc":{"start":{"line":71,"column":4},"end":{"line":78,"column":null}},"type":"if","locations":[{"start":{"line":71,"column":4},"end":{"line":78,"column":null}}]},"3":{"loc":{"start":{"line":103,"column":4},"end":{"line":109,"column":null}},"type":"if","locations":[{"start":{"line":103,"column":4},"end":{"line":109,"column":null}}]},"4":{"loc":{"start":{"line":129,"column":4},"end":{"line":135,"column":null}},"type":"if","locations":[{"start":{"line":129,"column":4},"end":{"line":135,"column":null}}]},"5":{"loc":{"start":{"line":181,"column":26},"end":{"line":185,"column":17}},"type":"cond-expr","locations":[{"start":{"line":182,"column":8},"end":{"line":183,"column":null}},{"start":{"line":185,"column":8},"end":{"line":185,"column":17}}]}},"s":{"0":6,"1":6,"2":6,"3":6,"4":2,"5":2,"6":1,"7":1,"8":1,"9":1,"10":1,"11":3,"12":3,"13":1,"14":2,"15":2,"16":2,"17":1,"18":1,"19":1,"20":1,"21":1,"22":2,"23":2,"24":2,"25":1,"26":1,"27":1,"28":2,"29":2,"30":1,"31":1,"32":1,"33":1,"34":1,"35":1,"36":5,"37":0,"38":5,"39":6},"f":{"0":2,"1":3,"2":2,"3":1,"4":2,"5":1,"6":1,"7":5,"8":0},"b":{"0":[1],"1":[1],"2":[1],"3":[1],"4":[1],"5":[0,5]}}
}
