{"D:\\growdev2\\BD\\TrabalhoFinalBackJwt\\src\\adapters\\bcrypt.adapter.ts": {"path":"D:\\growdev2\\BD\\TrabalhoFinalBackJwt\\src\\adapters\\bcrypt.adapter.ts","statementMap":{"0":{"start":{"line":1,"column":0},"end":{"line":1,"column":28}},"1":{"start":{"line":7,"column":8},"end":{"line":7,"column":26}},"2":{"start":{"line":11,"column":21},"end":{"line":11,"column":57}},"3":{"start":{"line":12,"column":8},"end":{"line":12,"column":20}},"4":{"start":{"line":17,"column":28},"end":{"line":17,"column":61}},"5":{"start":{"line":18,"column":8},"end":{"line":18,"column":27}},"6":{"start":{"line":3,"column":0},"end":{"line":3,"column":13}}},"fnMap":{"0":{"name":"(anonymous_1)","decl":{"start":{"line":6,"column":4},"end":{"line":6,"column":16}},"loc":{"start":{"line":6,"column":28},"end":{"line":8,"column":5}}},"1":{"name":"(anonymous_2)","decl":{"start":{"line":10,"column":11},"end":{"line":10,"column":16}},"loc":{"start":{"line":10,"column":40},"end":{"line":14,"column":5}}},"2":{"name":"(anonymous_3)","decl":{"start":{"line":16,"column":11},"end":{"line":16,"column":16}},"loc":{"start":{"line":16,"column":57},"end":{"line":19,"column":5}}}},"branchMap":{},"s":{"0":3,"1":2,"2":1,"3":1,"4":1,"5":1,"6":3},"f":{"0":2,"1":1,"2":1},"b":{}}
,"D:\\growdev2\\BD\\TrabalhoFinalBackJwt\\src\\adapters\\index.ts": {"path":"D:\\growdev2\\BD\\TrabalhoFinalBackJwt\\src\\adapters\\index.ts","statementMap":{"0":{"start":{"line":1,"column":0},"end":{"line":1,"column":29}},"1":{"start":{"line":2,"column":0},"end":{"line":2,"column":32}}},"fnMap":{},"branchMap":{},"s":{"0":3,"1":3},"f":{},"b":{}}
,"D:\\growdev2\\BD\\TrabalhoFinalBackJwt\\src\\adapters\\jwt.adapter.ts": {"path":"D:\\growdev2\\BD\\TrabalhoFinalBackJwt\\src\\adapters\\jwt.adapter.ts","statementMap":{"0":{"start":{"line":1,"column":0},"end":{"line":1,"column":31}},"1":{"start":{"line":13,"column":8},"end":{"line":13,"column":30}},"2":{"start":{"line":14,"column":8},"end":{"line":14,"column":34}},"3":{"start":{"line":19,"column":22},"end":{"line":21,"column":10}},"4":{"start":{"line":22,"column":8},"end":{"line":22,"column":null}},"5":{"start":{"line":26,"column":21},"end":{"line":26,"column":52}},"6":{"start":{"line":27,"column":8},"end":{"line":27,"column":35}},"7":{"start":{"line":27,"column":18},"end":{"line":27,"column":35}},"8":{"start":{"line":29,"column":8},"end":{"line":29,"column":null}},"9":{"start":{"line":8,"column":0},"end":{"line":8,"column":13}}},"fnMap":{"0":{"name":"(anonymous_1)","decl":{"start":{"line":12,"column":4},"end":{"line":12,"column":16}},"loc":{"start":{"line":12,"column":48},"end":{"line":15,"column":5}}},"1":{"name":"(anonymous_2)","decl":{"start":{"line":18,"column":11},"end":{"line":18,"column":21}},"loc":{"start":{"line":18,"column":31},"end":{"line":23,"column":5}}},"2":{"name":"(anonymous_3)","decl":{"start":{"line":25,"column":11},"end":{"line":25,"column":27}},"loc":{"start":{"line":25,"column":41},"end":{"line":30,"column":5}}}},"branchMap":{"0":{"loc":{"start":{"line":27,"column":8},"end":{"line":27,"column":35}},"type":"if","locations":[{"start":{"line":27,"column":8},"end":{"line":27,"column":35}}]}},"s":{"0":3,"1":3,"2":3,"3":1,"4":1,"5":2,"6":2,"7":1,"8":1,"9":3},"f":{"0":3,"1":1,"2":2},"b":{"0":[1]}}
,"D:\\growdev2\\BD\\TrabalhoFinalBackJwt\\src\\envs\\index.ts": {"path":"D:\\growdev2\\BD\\TrabalhoFinalBackJwt\\src\\envs\\index.ts","statementMap":{"0":{"start":{"line":1,"column":0},"end":{"line":1,"column":23}},"1":{"start":{"line":3,"column":13},"end":{"line":9,"column":null}}},"fnMap":{},"branchMap":{},"s":{"0":3,"1":3},"f":{},"b":{}}
,"D:\\growdev2\\BD\\TrabalhoFinalBackJwt\\src\\models\\index.ts": {"path":"D:\\growdev2\\BD\\TrabalhoFinalBackJwt\\src\\models\\index.ts","statementMap":{"0":{"start":{"line":1,"column":0},"end":{"line":1,"column":29}},"1":{"start":{"line":2,"column":0},"end":{"line":2,"column":33}},"2":{"start":{"line":3,"column":0},"end":{"line":3,"column":30}},"3":{"start":{"line":4,"column":0},"end":{"line":4,"column":32}}},"fnMap":{},"branchMap":{},"s":{"0":1,"1":1,"2":1,"3":1},"f":{},"b":{}}
,"D:\\growdev2\\BD\\TrabalhoFinalBackJwt\\src\\models\\like.model.ts": {"path":"D:\\growdev2\\BD\\TrabalhoFinalBackJwt\\src\\models\\like.model.ts","statementMap":{"0":{"start":{"line":3,"column":12},"end":{"line":3,"column":23}},"1":{"start":{"line":7,"column":4},"end":{"line":7,"column":20}},"2":{"start":{"line":11,"column":4},"end":{"line":13,"column":6}},"3":{"start":{"line":1,"column":0},"end":{"line":1,"column":13}}},"fnMap":{"0":{"name":"(anonymous_0)","decl":{"start":{"line":2,"column":2},"end":{"line":2,"column":null}},"loc":{"start":{"line":3,"column":23},"end":{"line":4,"column":8}}},"1":{"name":"(anonymous_1)","decl":{"start":{"line":6,"column":2},"end":{"line":6,"column":13}},"loc":{"start":{"line":6,"column":15},"end":{"line":8,"column":3}}},"2":{"name":"(anonymous_2)","decl":{"start":{"line":10,"column":9},"end":{"line":10,"column":15}},"loc":{"start":{"line":10,"column":15},"end":{"line":14,"column":3}}}},"branchMap":{},"s":{"0":2,"1":0,"2":0,"3":1},"f":{"0":2,"1":0,"2":0},"b":{}}
,"D:\\growdev2\\BD\\TrabalhoFinalBackJwt\\src\\models\\reply.model.ts": {"path":"D:\\growdev2\\BD\\TrabalhoFinalBackJwt\\src\\models\\reply.model.ts","statementMap":{"0":{"start":{"line":5,"column":12},"end":{"line":5,"column":23}},"1":{"start":{"line":6,"column":12},"end":{"line":6,"column":28}},"2":{"start":{"line":7,"column":12},"end":{"line":7,"column":27}},"3":{"start":{"line":11,"column":4},"end":{"line":11,"column":20}},"4":{"start":{"line":14,"column":4},"end":{"line":14,"column":25}},"5":{"start":{"line":17,"column":4},"end":{"line":17,"column":23}},"6":{"start":{"line":21,"column":4},"end":{"line":24,"column":6}},"7":{"start":{"line":3,"column":0},"end":{"line":3,"column":13}}},"fnMap":{"0":{"name":"(anonymous_0)","decl":{"start":{"line":4,"column":2},"end":{"line":4,"column":null}},"loc":{"start":{"line":7,"column":27},"end":{"line":8,"column":6}}},"1":{"name":"(anonymous_1)","decl":{"start":{"line":10,"column":2},"end":{"line":10,"column":13}},"loc":{"start":{"line":10,"column":15},"end":{"line":12,"column":3}}},"2":{"name":"(anonymous_2)","decl":{"start":{"line":13,"column":2},"end":{"line":13,"column":13}},"loc":{"start":{"line":13,"column":20},"end":{"line":15,"column":3}}},"3":{"name":"(anonymous_3)","decl":{"start":{"line":16,"column":2},"end":{"line":16,"column":13}},"loc":{"start":{"line":16,"column":18},"end":{"line":18,"column":3}}},"4":{"name":"(anonymous_4)","decl":{"start":{"line":20,"column":9},"end":{"line":20,"column":15}},"loc":{"start":{"line":20,"column":15},"end":{"line":25,"column":3}}}},"branchMap":{},"s":{"0":0,"1":0,"2":0,"3":0,"4":0,"5":0,"6":0,"7":1},"f":{"0":0,"1":0,"2":0,"3":0,"4":0},"b":{}}
,"D:\\growdev2\\BD\\TrabalhoFinalBackJwt\\src\\models\\seguidor.model.ts": {"path":"D:\\growdev2\\BD\\TrabalhoFinalBackJwt\\src\\models\\seguidor.model.ts","statementMap":{"0":{"start":{"line":2,"column":22},"end":{"line":2,"column":33}},"1":{"start":{"line":5,"column":4},"end":{"line":5,"column":20}},"2":{"start":{"line":9,"column":4},"end":{"line":11,"column":6}},"3":{"start":{"line":1,"column":0},"end":{"line":1,"column":13}}},"fnMap":{"0":{"name":"(anonymous_0)","decl":{"start":{"line":2,"column":2},"end":{"line":2,"column":22}},"loc":{"start":{"line":2,"column":33},"end":{"line":2,"column":37}}},"1":{"name":"(anonymous_1)","decl":{"start":{"line":4,"column":2},"end":{"line":4,"column":13}},"loc":{"start":{"line":4,"column":15},"end":{"line":6,"column":3}}},"2":{"name":"(anonymous_2)","decl":{"start":{"line":8,"column":9},"end":{"line":8,"column":15}},"loc":{"start":{"line":8,"column":15},"end":{"line":12,"column":3}}}},"branchMap":{},"s":{"0":0,"1":0,"2":0,"3":1},"f":{"0":0,"1":0,"2":0},"b":{}}
,"D:\\growdev2\\BD\\TrabalhoFinalBackJwt\\src\\models\\tweet.model.ts": {"path":"D:\\growdev2\\BD\\TrabalhoFinalBackJwt\\src\\models\\tweet.model.ts","statementMap":{"0":{"start":{"line":6,"column":12},"end":{"line":6,"column":23}},"1":{"start":{"line":7,"column":12},"end":{"line":7,"column":28}},"2":{"start":{"line":8,"column":12},"end":{"line":8,"column":25}},"3":{"start":{"line":9,"column":12},"end":{"line":9,"column":27}},"4":{"start":{"line":10,"column":12},"end":{"line":10,"column":30}},"5":{"start":{"line":14,"column":4},"end":{"line":14,"column":20}},"6":{"start":{"line":18,"column":4},"end":{"line":18,"column":25}},"7":{"start":{"line":22,"column":4},"end":{"line":22,"column":22}},"8":{"start":{"line":26,"column":4},"end":{"line":26,"column":23}},"9":{"start":{"line":29,"column":4},"end":{"line":29,"column":25}},"10":{"start":{"line":33,"column":4},"end":{"line":37,"column":6}},"11":{"start":{"line":4,"column":0},"end":{"line":4,"column":13}}},"fnMap":{"0":{"name":"(anonymous_0)","decl":{"start":{"line":5,"column":2},"end":{"line":5,"column":null}},"loc":{"start":{"line":10,"column":30},"end":{"line":11,"column":6}}},"1":{"name":"(anonymous_1)","decl":{"start":{"line":13,"column":2},"end":{"line":13,"column":13}},"loc":{"start":{"line":13,"column":15},"end":{"line":15,"column":3}}},"2":{"name":"(anonymous_2)","decl":{"start":{"line":17,"column":2},"end":{"line":17,"column":13}},"loc":{"start":{"line":17,"column":20},"end":{"line":19,"column":3}}},"3":{"name":"(anonymous_3)","decl":{"start":{"line":21,"column":2},"end":{"line":21,"column":13}},"loc":{"start":{"line":21,"column":17},"end":{"line":23,"column":3}}},"4":{"name":"(anonymous_4)","decl":{"start":{"line":25,"column":2},"end":{"line":25,"column":13}},"loc":{"start":{"line":25,"column":18},"end":{"line":27,"column":3}}},"5":{"name":"(anonymous_5)","decl":{"start":{"line":28,"column":2},"end":{"line":28,"column":13}},"loc":{"start":{"line":28,"column":20},"end":{"line":30,"column":3}}},"6":{"name":"(anonymous_6)","decl":{"start":{"line":32,"column":9},"end":{"line":32,"column":15}},"loc":{"start":{"line":32,"column":15},"end":{"line":38,"column":3}}}},"branchMap":{},"s":{"0":0,"1":0,"2":0,"3":0,"4":0,"5":0,"6":0,"7":0,"8":0,"9":0,"10":0,"11":1},"f":{"0":0,"1":0,"2":0,"3":0,"4":0,"5":0,"6":0},"b":{}}
,"D:\\growdev2\\BD\\TrabalhoFinalBackJwt\\src\\models\\usuario.model.ts": {"path":"D:\\growdev2\\BD\\TrabalhoFinalBackJwt\\src\\models\\usuario.model.ts","statementMap":{"0":{"start":{"line":5,"column":12},"end":{"line":5,"column":23}},"1":{"start":{"line":6,"column":12},"end":{"line":6,"column":25}},"2":{"start":{"line":7,"column":12},"end":{"line":7,"column":28}},"3":{"start":{"line":8,"column":12},"end":{"line":8,"column":26}},"4":{"start":{"line":9,"column":12},"end":{"line":9,"column":26}},"5":{"start":{"line":10,"column":12},"end":{"line":10,"column":29}},"6":{"start":{"line":14,"column":4},"end":{"line":14,"column":20}},"7":{"start":{"line":18,"column":4},"end":{"line":18,"column":22}},"8":{"start":{"line":22,"column":4},"end":{"line":22,"column":25}},"9":{"start":{"line":26,"column":4},"end":{"line":26,"column":23}},"10":{"start":{"line":30,"column":4},"end":{"line":30,"column":23}},"11":{"start":{"line":34,"column":4},"end":{"line":34,"column":24}},"12":{"start":{"line":38,"column":4},"end":{"line":44,"column":6}},"13":{"start":{"line":3,"column":0},"end":{"line":3,"column":13}}},"fnMap":{"0":{"name":"(anonymous_0)","decl":{"start":{"line":4,"column":2},"end":{"line":4,"column":null}},"loc":{"start":{"line":10,"column":29},"end":{"line":11,"column":6}}},"1":{"name":"(anonymous_1)","decl":{"start":{"line":13,"column":2},"end":{"line":13,"column":13}},"loc":{"start":{"line":13,"column":15},"end":{"line":15,"column":3}}},"2":{"name":"(anonymous_2)","decl":{"start":{"line":17,"column":2},"end":{"line":17,"column":13}},"loc":{"start":{"line":17,"column":17},"end":{"line":19,"column":3}}},"3":{"name":"(anonymous_3)","decl":{"start":{"line":21,"column":2},"end":{"line":21,"column":13}},"loc":{"start":{"line":21,"column":20},"end":{"line":23,"column":3}}},"4":{"name":"(anonymous_4)","decl":{"start":{"line":25,"column":2},"end":{"line":25,"column":13}},"loc":{"start":{"line":25,"column":18},"end":{"line":27,"column":3}}},"5":{"name":"(anonymous_5)","decl":{"start":{"line":29,"column":2},"end":{"line":29,"column":13}},"loc":{"start":{"line":29,"column":18},"end":{"line":31,"column":3}}},"6":{"name":"(anonymous_6)","decl":{"start":{"line":33,"column":2},"end":{"line":33,"column":13}},"loc":{"start":{"line":33,"column":19},"end":{"line":35,"column":3}}},"7":{"name":"(anonymous_7)","decl":{"start":{"line":37,"column":9},"end":{"line":37,"column":15}},"loc":{"start":{"line":37,"column":15},"end":{"line":45,"column":3}}}},"branchMap":{},"s":{"0":0,"1":0,"2":0,"3":0,"4":0,"5":0,"6":0,"7":0,"8":0,"9":0,"10":0,"11":0,"12":0,"13":1},"f":{"0":0,"1":0,"2":0,"3":0,"4":0,"5":0,"6":0,"7":0},"b":{}}
,"D:\\growdev2\\BD\\TrabalhoFinalBackJwt\\src\\services\\index.ts": {"path":"D:\\growdev2\\BD\\TrabalhoFinalBackJwt\\src\\services\\index.ts","statementMap":{"0":{"start":{"line":1,"column":0},"end":{"line":1,"column":31}},"1":{"start":{"line":2,"column":0},"end":{"line":2,"column":32}},"2":{"start":{"line":3,"column":0},"end":{"line":3,"column":35}},"3":{"start":{"line":4,"column":0},"end":{"line":4,"column":32}},"4":{"start":{"line":5,"column":0},"end":{"line":5,"column":34}}},"fnMap":{},"branchMap":{},"s":{"0":1,"1":1,"2":1,"3":1,"4":1},"f":{},"b":{}}
,"D:\\growdev2\\BD\\TrabalhoFinalBackJwt\\src\\services\\like.service.ts": {"path":"D:\\growdev2\\BD\\TrabalhoFinalBackJwt\\src\\services\\like.service.ts","statementMap":{"0":{"start":{"line":2,"column":0},"end":{"line":2,"column":55}},"1":{"start":{"line":4,"column":0},"end":{"line":4,"column":44}},"2":{"start":{"line":8,"column":4},"end":{"line":8,"column":31}},"3":{"start":{"line":17,"column":4},"end":{"line":31,"column":null}},"4":{"start":{"line":18,"column":6},"end":{"line":23,"column":9}},"5":{"start":{"line":25,"column":6},"end":{"line":30,"column":9}},"6":{"start":{"line":33,"column":4},"end":{"line":38,"column":6}},"7":{"start":{"line":42,"column":25},"end":{"line":44,"column":6}},"8":{"start":{"line":46,"column":4},"end":{"line":51,"column":6}},"9":{"start":{"line":6,"column":0},"end":{"line":6,"column":13}}},"fnMap":{"0":{"name":"(anonymous_1)","decl":{"start":{"line":7,"column":10},"end":{"line":7,"column":15}},"loc":{"start":{"line":7,"column":46},"end":{"line":9,"column":3}}},"1":{"name":"(anonymous_2)","decl":{"start":{"line":11,"column":9},"end":{"line":11,"column":14}},"loc":{"start":{"line":13,"column":21},"end":{"line":39,"column":3}}},"2":{"name":"(anonymous_3)","decl":{"start":{"line":41,"column":9},"end":{"line":41,"column":14}},"loc":{"start":{"line":41,"column":33},"end":{"line":52,"column":3}}}},"branchMap":{"0":{"loc":{"start":{"line":17,"column":4},"end":{"line":31,"column":null}},"type":"if","locations":[{"start":{"line":17,"column":4},"end":{"line":31,"column":null}},{"start":{"line":24,"column":11},"end":{"line":31,"column":null}}]}},"s":{"0":1,"1":1,"2":2,"3":1,"4":0,"5":1,"6":1,"7":1,"8":1,"9":1},"f":{"0":2,"1":1,"2":1},"b":{"0":[0,1]}}
,"D:\\growdev2\\BD\\TrabalhoFinalBackJwt\\src\\services\\reply.service.ts": {"path":"D:\\growdev2\\BD\\TrabalhoFinalBackJwt\\src\\services\\reply.service.ts","statementMap":{"0":{"start":{"line":2,"column":0},"end":{"line":2,"column":55}},"1":{"start":{"line":4,"column":0},"end":{"line":4,"column":44}},"2":{"start":{"line":5,"column":0},"end":{"line":5,"column":46}},"3":{"start":{"line":11,"column":23},"end":{"line":13,"column":17}},"4":{"start":{"line":12,"column":39},"end":{"line":12,"column":59}},"5":{"start":{"line":15,"column":4},"end":{"line":15,"column":62}},"6":{"start":{"line":22,"column":20},"end":{"line":31,"column":6}},"7":{"start":{"line":33,"column":4},"end":{"line":38,"column":6}},"8":{"start":{"line":45,"column":28},"end":{"line":51,"column":6}},"9":{"start":{"line":53,"column":4},"end":{"line":58,"column":6}},"10":{"start":{"line":62,"column":18},"end":{"line":67,"column":6}},"11":{"start":{"line":69,"column":4},"end":{"line":74,"column":6}},"12":{"start":{"line":7,"column":0},"end":{"line":7,"column":13}}},"fnMap":{"0":{"name":"(anonymous_1)","decl":{"start":{"line":8,"column":10},"end":{"line":8,"column":20}},"loc":{"start":{"line":9,"column":58},"end":{"line":16,"column":3}}},"1":{"name":"(anonymous_2)","decl":{"start":{"line":12,"column":26},"end":{"line":12,"column":27}},"loc":{"start":{"line":12,"column":39},"end":{"line":12,"column":59}}},"2":{"name":"(anonymous_3)","decl":{"start":{"line":18,"column":9},"end":{"line":18,"column":14}},"loc":{"start":{"line":20,"column":21},"end":{"line":39,"column":3}}},"3":{"name":"(anonymous_4)","decl":{"start":{"line":41,"column":9},"end":{"line":41,"column":14}},"loc":{"start":{"line":43,"column":19},"end":{"line":59,"column":3}}},"4":{"name":"(anonymous_5)","decl":{"start":{"line":61,"column":9},"end":{"line":61,"column":14}},"loc":{"start":{"line":61,"column":33},"end":{"line":75,"column":3}}}},"branchMap":{"0":{"loc":{"start":{"line":11,"column":23},"end":{"line":13,"column":17}},"type":"cond-expr","locations":[{"start":{"line":12,"column":8},"end":{"line":12,"column":60}},{"start":{"line":13,"column":8},"end":{"line":13,"column":17}}]}},"s":{"0":1,"1":1,"2":1,"3":0,"4":0,"5":0,"6":0,"7":0,"8":0,"9":0,"10":0,"11":0,"12":1},"f":{"0":0,"1":0,"2":0,"3":0,"4":0},"b":{"0":[0,0]}}
,"D:\\growdev2\\BD\\TrabalhoFinalBackJwt\\src\\services\\seguidor.service.ts": {"path":"D:\\growdev2\\BD\\TrabalhoFinalBackJwt\\src\\services\\seguidor.service.ts","statementMap":{"0":{"start":{"line":2,"column":0},"end":{"line":2,"column":55}},"1":{"start":{"line":4,"column":0},"end":{"line":4,"column":37}},"2":{"start":{"line":8,"column":4},"end":{"line":8,"column":41}},"3":{"start":{"line":15,"column":25},"end":{"line":22,"column":6}},"4":{"start":{"line":24,"column":4},"end":{"line":29,"column":6}},"5":{"start":{"line":33,"column":29},"end":{"line":35,"column":6}},"6":{"start":{"line":37,"column":4},"end":{"line":42,"column":6}},"7":{"start":{"line":6,"column":0},"end":{"line":6,"column":13}}},"fnMap":{"0":{"name":"(anonymous_1)","decl":{"start":{"line":7,"column":10},"end":{"line":7,"column":15}},"loc":{"start":{"line":7,"column":57},"end":{"line":9,"column":3}}},"1":{"name":"(anonymous_2)","decl":{"start":{"line":11,"column":9},"end":{"line":11,"column":14}},"loc":{"start":{"line":13,"column":21},"end":{"line":30,"column":3}}},"2":{"name":"(anonymous_3)","decl":{"start":{"line":32,"column":9},"end":{"line":32,"column":14}},"loc":{"start":{"line":32,"column":33},"end":{"line":43,"column":3}}}},"branchMap":{},"s":{"0":1,"1":1,"2":0,"3":0,"4":0,"5":0,"6":0,"7":1},"f":{"0":0,"1":0,"2":0},"b":{}}
,"D:\\growdev2\\BD\\TrabalhoFinalBackJwt\\src\\services\\tweet.service.ts": {"path":"D:\\growdev2\\BD\\TrabalhoFinalBackJwt\\src\\services\\tweet.service.ts","statementMap":{"0":{"start":{"line":6,"column":0},"end":{"line":6,"column":55}},"1":{"start":{"line":9,"column":0},"end":{"line":9,"column":34}},"2":{"start":{"line":10,"column":0},"end":{"line":10,"column":44}},"3":{"start":{"line":11,"column":0},"end":{"line":11,"column":46}},"4":{"start":{"line":18,"column":20},"end":{"line":28,"column":6}},"5":{"start":{"line":30,"column":4},"end":{"line":35,"column":6}},"6":{"start":{"line":39,"column":21},"end":{"line":46,"column":6}},"7":{"start":{"line":48,"column":4},"end":{"line":54,"column":null}},"8":{"start":{"line":49,"column":6},"end":{"line":53,"column":8}},"9":{"start":{"line":56,"column":4},"end":{"line":61,"column":6}},"10":{"start":{"line":60,"column":33},"end":{"line":60,"column":51}},"11":{"start":{"line":65,"column":20},"end":{"line":73,"column":6}},"12":{"start":{"line":75,"column":4},"end":{"line":81,"column":null}},"13":{"start":{"line":76,"column":6},"end":{"line":80,"column":8}},"14":{"start":{"line":83,"column":4},"end":{"line":88,"column":6}},"15":{"start":{"line":95,"column":28},"end":{"line":102,"column":6}},"16":{"start":{"line":104,"column":4},"end":{"line":109,"column":6}},"17":{"start":{"line":113,"column":26},"end":{"line":119,"column":6}},"18":{"start":{"line":121,"column":4},"end":{"line":126,"column":6}},"19":{"start":{"line":134,"column":23},"end":{"line":136,"column":17}},"20":{"start":{"line":135,"column":39},"end":{"line":135,"column":59}},"21":{"start":{"line":137,"column":25},"end":{"line":141,"column":17}},"22":{"start":{"line":139,"column":23},"end":{"line":139,"column":73}},"23":{"start":{"line":143,"column":4},"end":{"line":149,"column":6}},"24":{"start":{"line":13,"column":0},"end":{"line":13,"column":13}}},"fnMap":{"0":{"name":"(anonymous_1)","decl":{"start":{"line":14,"column":9},"end":{"line":14,"column":14}},"loc":{"start":{"line":16,"column":21},"end":{"line":36,"column":3}}},"1":{"name":"(anonymous_2)","decl":{"start":{"line":38,"column":9},"end":{"line":38,"column":14}},"loc":{"start":{"line":38,"column":39},"end":{"line":62,"column":3}}},"2":{"name":"(anonymous_3)","decl":{"start":{"line":60,"column":26},"end":{"line":60,"column":27}},"loc":{"start":{"line":60,"column":33},"end":{"line":60,"column":51}}},"3":{"name":"(anonymous_4)","decl":{"start":{"line":64,"column":9},"end":{"line":64,"column":14}},"loc":{"start":{"line":64,"column":37},"end":{"line":89,"column":3}}},"4":{"name":"(anonymous_5)","decl":{"start":{"line":91,"column":9},"end":{"line":91,"column":14}},"loc":{"start":{"line":93,"column":19},"end":{"line":110,"column":3}}},"5":{"name":"(anonymous_6)","decl":{"start":{"line":112,"column":9},"end":{"line":112,"column":14}},"loc":{"start":{"line":112,"column":33},"end":{"line":127,"column":3}}},"6":{"name":"(anonymous_7)","decl":{"start":{"line":129,"column":10},"end":{"line":129,"column":20}},"loc":{"start":{"line":132,"column":5},"end":{"line":150,"column":3}}},"7":{"name":"(anonymous_8)","decl":{"start":{"line":135,"column":26},"end":{"line":135,"column":27}},"loc":{"start":{"line":135,"column":39},"end":{"line":135,"column":59}}},"8":{"name":"(anonymous_9)","decl":{"start":{"line":139,"column":10},"end":{"line":139,"column":11}},"loc":{"start":{"line":139,"column":23},"end":{"line":139,"column":73}}}},"branchMap":{"0":{"loc":{"start":{"line":48,"column":4},"end":{"line":54,"column":null}},"type":"if","locations":[{"start":{"line":48,"column":4},"end":{"line":54,"column":null}}]},"1":{"loc":{"start":{"line":75,"column":4},"end":{"line":81,"column":null}},"type":"if","locations":[{"start":{"line":75,"column":4},"end":{"line":81,"column":null}}]},"2":{"loc":{"start":{"line":134,"column":23},"end":{"line":136,"column":17}},"type":"cond-expr","locations":[{"start":{"line":135,"column":8},"end":{"line":135,"column":60}},{"start":{"line":136,"column":8},"end":{"line":136,"column":17}}]},"3":{"loc":{"start":{"line":137,"column":25},"end":{"line":141,"column":17}},"type":"cond-expr","locations":[{"start":{"line":138,"column":8},"end":{"line":139,"column":null}},{"start":{"line":141,"column":8},"end":{"line":141,"column":17}}]}},"s":{"0":1,"1":1,"2":1,"3":1,"4":0,"5":0,"6":0,"7":0,"8":0,"9":0,"10":0,"11":0,"12":0,"13":0,"14":0,"15":0,"16":0,"17":0,"18":0,"19":0,"20":0,"21":0,"22":0,"23":0,"24":1},"f":{"0":0,"1":0,"2":0,"3":0,"4":0,"5":0,"6":0,"7":0,"8":0},"b":{"0":[0],"1":[0],"2":[0,0],"3":[0,0]}}
,"D:\\growdev2\\BD\\TrabalhoFinalBackJwt\\src\\services\\usuario.service.ts": {"path":"D:\\growdev2\\BD\\TrabalhoFinalBackJwt\\src\\services\\usuario.service.ts","statementMap":{"0":{"start":{"line":6,"column":0},"end":{"line":6,"column":55}},"1":{"start":{"line":13,"column":0},"end":{"line":13,"column":43}},"2":{"start":{"line":14,"column":0},"end":{"line":14,"column":31}},"3":{"start":{"line":15,"column":0},"end":{"line":15,"column":56}},"4":{"start":{"line":20,"column":26},"end":{"line":22,"column":6}},"5":{"start":{"line":24,"column":4},"end":{"line":30,"column":null}},"6":{"start":{"line":25,"column":6},"end":{"line":29,"column":8}},"7":{"start":{"line":33,"column":19},"end":{"line":33,"column":62}},"8":{"start":{"line":34,"column":17},"end":{"line":34,"column":52}},"9":{"start":{"line":36,"column":22},"end":{"line":43,"column":6}},"10":{"start":{"line":45,"column":4},"end":{"line":50,"column":6}},"11":{"start":{"line":56,"column":26},"end":{"line":60,"column":17}},"12":{"start":{"line":58,"column":23},"end":{"line":58,"column":75}},"13":{"start":{"line":62,"column":4},"end":{"line":69,"column":6}},"14":{"start":{"line":73,"column":30},"end":{"line":77,"column":6}},"15":{"start":{"line":79,"column":4},"end":{"line":85,"column":null}},"16":{"start":{"line":80,"column":6},"end":{"line":84,"column":8}},"17":{"start":{"line":87,"column":19},"end":{"line":87,"column":54}},"18":{"start":{"line":88,"column":22},"end":{"line":88,"column":79}},"19":{"start":{"line":90,"column":4},"end":{"line":96,"column":null}},"20":{"start":{"line":91,"column":6},"end":{"line":95,"column":8}},"21":{"start":{"line":97,"column":20},"end":{"line":101,"column":null}},"22":{"start":{"line":102,"column":16},"end":{"line":102,"column":71}},"23":{"start":{"line":103,"column":18},"end":{"line":103,"column":41}},"24":{"start":{"line":105,"column":4},"end":{"line":110,"column":6}},"25":{"start":{"line":114,"column":22},"end":{"line":117,"column":6}},"26":{"start":{"line":119,"column":4},"end":{"line":119,"column":77}},"27":{"start":{"line":121,"column":4},"end":{"line":127,"column":null}},"28":{"start":{"line":122,"column":6},"end":{"line":126,"column":8}},"29":{"start":{"line":129,"column":4},"end":{"line":134,"column":6}},"30":{"start":{"line":133,"column":40},"end":{"line":133,"column":64}},"31":{"start":{"line":138,"column":22},"end":{"line":145,"column":6}},"32":{"start":{"line":147,"column":4},"end":{"line":153,"column":null}},"33":{"start":{"line":148,"column":6},"end":{"line":152,"column":8}},"34":{"start":{"line":155,"column":4},"end":{"line":160,"column":6}},"35":{"start":{"line":164,"column":28},"end":{"line":167,"column":6}},"36":{"start":{"line":169,"column":4},"end":{"line":174,"column":6}},"37":{"start":{"line":178,"column":30},"end":{"line":186,"column":6}},"38":{"start":{"line":188,"column":4},"end":{"line":193,"column":6}},"39":{"start":{"line":18,"column":0},"end":{"line":18,"column":13}}},"fnMap":{"0":{"name":"(anonymous_1)","decl":{"start":{"line":19,"column":9},"end":{"line":19,"column":14}},"loc":{"start":{"line":19,"column":51},"end":{"line":51,"column":3}}},"1":{"name":"(anonymous_2)","decl":{"start":{"line":53,"column":10},"end":{"line":53,"column":15}},"loc":{"start":{"line":54,"column":65},"end":{"line":70,"column":3}}},"2":{"name":"(anonymous_3)","decl":{"start":{"line":58,"column":10},"end":{"line":58,"column":11}},"loc":{"start":{"line":58,"column":23},"end":{"line":58,"column":75}}},"3":{"name":"(anonymous_4)","decl":{"start":{"line":72,"column":9},"end":{"line":72,"column":14}},"loc":{"start":{"line":72,"column":36},"end":{"line":111,"column":3}}},"4":{"name":"(anonymous_5)","decl":{"start":{"line":113,"column":9},"end":{"line":113,"column":14}},"loc":{"start":{"line":113,"column":21},"end":{"line":135,"column":3}}},"5":{"name":"(anonymous_6)","decl":{"start":{"line":133,"column":27},"end":{"line":133,"column":28}},"loc":{"start":{"line":133,"column":40},"end":{"line":133,"column":64}}},"6":{"name":"(anonymous_7)","decl":{"start":{"line":137,"column":9},"end":{"line":137,"column":14}},"loc":{"start":{"line":137,"column":37},"end":{"line":161,"column":3}}},"7":{"name":"(anonymous_8)","decl":{"start":{"line":163,"column":9},"end":{"line":163,"column":14}},"loc":{"start":{"line":163,"column":33},"end":{"line":175,"column":3}}},"8":{"name":"(anonymous_9)","decl":{"start":{"line":177,"column":9},"end":{"line":177,"column":14}},"loc":{"start":{"line":177,"column":51},"end":{"line":194,"column":3}}}},"branchMap":{"0":{"loc":{"start":{"line":24,"column":4},"end":{"line":30,"column":null}},"type":"if","locations":[{"start":{"line":24,"column":4},"end":{"line":30,"column":null}}]},"1":{"loc":{"start":{"line":56,"column":26},"end":{"line":60,"column":17}},"type":"cond-expr","locations":[{"start":{"line":57,"column":8},"end":{"line":58,"column":null}},{"start":{"line":60,"column":8},"end":{"line":60,"column":17}}]},"2":{"loc":{"start":{"line":79,"column":4},"end":{"line":85,"column":null}},"type":"if","locations":[{"start":{"line":79,"column":4},"end":{"line":85,"column":null}}]},"3":{"loc":{"start":{"line":90,"column":4},"end":{"line":96,"column":null}},"type":"if","locations":[{"start":{"line":90,"column":4},"end":{"line":96,"column":null}}]},"4":{"loc":{"start":{"line":121,"column":4},"end":{"line":127,"column":null}},"type":"if","locations":[{"start":{"line":121,"column":4},"end":{"line":127,"column":null}}]},"5":{"loc":{"start":{"line":147,"column":4},"end":{"line":153,"column":null}},"type":"if","locations":[{"start":{"line":147,"column":4},"end":{"line":153,"column":null}}]}},"s":{"0":1,"1":1,"2":1,"3":1,"4":0,"5":0,"6":0,"7":0,"8":0,"9":0,"10":0,"11":0,"12":0,"13":0,"14":0,"15":0,"16":0,"17":0,"18":0,"19":0,"20":0,"21":0,"22":0,"23":0,"24":0,"25":0,"26":0,"27":0,"28":0,"29":0,"30":0,"31":0,"32":0,"33":0,"34":0,"35":0,"36":0,"37":0,"38":0,"39":1},"f":{"0":0,"1":0,"2":0,"3":0,"4":0,"5":0,"6":0,"7":0,"8":0},"b":{"0":[0],"1":[0,0],"2":[0],"3":[0],"4":[0],"5":[0]}}
}
