TN:
SF:src\adapters\bcrypt.adapter.ts
FN:6,(anonymous_1)
FN:10,(anonymous_2)
FN:16,(anonymous_3)
FNF:3
FNH:3
FNDA:2,(anonymous_1)
FNDA:1,(anonymous_2)
FNDA:1,(anonymous_3)
DA:1,3
DA:3,3
DA:7,2
DA:11,1
DA:12,1
DA:17,1
DA:18,1
LF:7
LH:7
BRF:0
BRH:0
end_of_record
TN:
SF:src\adapters\index.ts
FNF:0
FNH:0
DA:1,3
DA:2,3
LF:2
LH:2
BRF:0
BRH:0
end_of_record
TN:
SF:src\adapters\jwt.adapter.ts
FN:12,(anonymous_1)
FN:18,(anonymous_2)
FN:25,(anonymous_3)
FNF:3
FNH:3
FNDA:3,(anonymous_1)
FNDA:1,(anonymous_2)
FNDA:2,(anonymous_3)
DA:1,3
DA:8,3
DA:13,3
DA:14,3
DA:19,1
DA:22,1
DA:26,2
DA:27,2
DA:29,1
LF:9
LH:9
BRDA:27,0,0,1
BRF:1
BRH:1
end_of_record
TN:
SF:src\envs\index.ts
FNF:0
FNH:0
DA:1,3
DA:3,3
LF:2
LH:2
BRF:0
BRH:0
end_of_record
TN:
SF:src\models\index.ts
FNF:0
FNH:0
DA:1,1
DA:2,1
DA:3,1
DA:4,1
LF:4
LH:4
BRF:0
BRH:0
end_of_record
TN:
SF:src\models\like.model.ts
FN:2,(anonymous_0)
FN:6,(anonymous_1)
FN:10,(anonymous_2)
FNF:3
FNH:1
FNDA:1,(anonymous_0)
FNDA:0,(anonymous_1)
FNDA:0,(anonymous_2)
DA:1,1
DA:3,1
DA:7,0
DA:11,0
LF:4
LH:2
BRF:0
BRH:0
end_of_record
TN:
SF:src\models\seguidor.model.ts
FN:2,(anonymous_0)
FN:4,(anonymous_1)
FN:8,(anonymous_2)
FNF:3
FNH:0
FNDA:0,(anonymous_0)
FNDA:0,(anonymous_1)
FNDA:0,(anonymous_2)
DA:1,1
DA:2,0
DA:5,0
DA:9,0
LF:4
LH:1
BRF:0
BRH:0
end_of_record
TN:
SF:src\models\tweet.model.ts
FN:4,(anonymous_0)
FN:12,(anonymous_1)
FN:16,(anonymous_2)
FN:20,(anonymous_3)
FN:24,(anonymous_4)
FN:28,(anonymous_5)
FN:32,(anonymous_6)
FNF:7
FNH:0
FNDA:0,(anonymous_0)
FNDA:0,(anonymous_1)
FNDA:0,(anonymous_2)
FNDA:0,(anonymous_3)
FNDA:0,(anonymous_4)
FNDA:0,(anonymous_5)
FNDA:0,(anonymous_6)
DA:3,1
DA:5,0
DA:6,0
DA:7,0
DA:8,0
DA:9,0
DA:13,0
DA:17,0
DA:21,0
DA:25,0
DA:29,0
DA:33,0
LF:12
LH:1
BRF:0
BRH:0
end_of_record
TN:
SF:src\models\usuario.model.ts
FN:4,(anonymous_0)
FN:13,(anonymous_1)
FN:17,(anonymous_2)
FN:21,(anonymous_3)
FN:25,(anonymous_4)
FN:29,(anonymous_5)
FN:33,(anonymous_6)
FN:37,(anonymous_7)
FNF:8
FNH:0
FNDA:0,(anonymous_0)
FNDA:0,(anonymous_1)
FNDA:0,(anonymous_2)
FNDA:0,(anonymous_3)
FNDA:0,(anonymous_4)
FNDA:0,(anonymous_5)
FNDA:0,(anonymous_6)
FNDA:0,(anonymous_7)
DA:3,1
DA:5,0
DA:6,0
DA:7,0
DA:8,0
DA:9,0
DA:10,0
DA:14,0
DA:18,0
DA:22,0
DA:26,0
DA:30,0
DA:34,0
DA:38,0
LF:14
LH:1
BRF:0
BRH:0
end_of_record
TN:
SF:src\services\index.ts
FNF:0
FNH:0
DA:1,1
DA:2,1
DA:3,1
DA:4,1
DA:5,1
LF:5
LH:5
BRF:0
BRH:0
end_of_record
TN:
SF:src\services\like.service.ts
FN:7,(anonymous_1)
FN:11,(anonymous_2)
FN:30,(anonymous_3)
FNF:3
FNH:2
FNDA:1,(anonymous_1)
FNDA:1,(anonymous_2)
FNDA:0,(anonymous_3)
DA:1,1
DA:4,1
DA:6,1
DA:8,1
DA:15,1
DA:22,1
DA:31,0
DA:35,0
LF:8
LH:6
BRF:0
BRH:0
end_of_record
TN:
SF:src\services\reply.service.ts
FN:8,(anonymous_1)
FN:12,(anonymous_2)
FN:18,(anonymous_3)
FN:43,(anonymous_4)
FN:64,(anonymous_5)
FNF:5
FNH:0
FNDA:0,(anonymous_1)
FNDA:0,(anonymous_2)
FNDA:0,(anonymous_3)
FNDA:0,(anonymous_4)
FNDA:0,(anonymous_5)
DA:2,1
DA:4,1
DA:5,1
DA:7,1
DA:11,0
DA:12,0
DA:15,0
DA:22,0
DA:35,0
DA:47,0
DA:56,0
DA:65,0
DA:73,0
LF:13
LH:4
BRDA:11,0,0,0
BRDA:11,0,1,0
BRF:2
BRH:0
end_of_record
TN:
SF:src\services\seguidor.service.ts
FN:7,(anonymous_1)
FN:11,(anonymous_2)
FN:32,(anonymous_3)
FNF:3
FNH:0
FNDA:0,(anonymous_1)
FNDA:0,(anonymous_2)
FNDA:0,(anonymous_3)
DA:2,1
DA:4,1
DA:6,1
DA:8,0
DA:15,0
DA:24,0
DA:33,0
DA:37,0
LF:8
LH:3
BRF:0
BRH:0
end_of_record
TN:
SF:src\services\tweet.service.ts
FN:10,(anonymous_1)
FN:34,(anonymous_2)
FN:55,(anonymous_3)
FN:59,(anonymous_4)
FN:85,(anonymous_5)
FN:105,(anonymous_6)
FN:121,(anonymous_7)
FN:125,(anonymous_8)
FNF:8
FNH:0
FNDA:0,(anonymous_1)
FNDA:0,(anonymous_2)
FNDA:0,(anonymous_3)
FNDA:0,(anonymous_4)
FNDA:0,(anonymous_5)
FNDA:0,(anonymous_6)
FNDA:0,(anonymous_7)
FNDA:0,(anonymous_8)
DA:3,1
DA:6,1
DA:7,1
DA:9,1
DA:14,0
DA:26,0
DA:35,0
DA:43,0
DA:44,0
DA:51,0
DA:55,0
DA:60,0
DA:69,0
DA:70,0
DA:77,0
DA:89,0
DA:97,0
DA:106,0
DA:113,0
DA:124,0
DA:125,0
DA:129,0
LF:22
LH:4
BRDA:43,0,0,0
BRDA:69,1,0,0
BRDA:124,2,0,0
BRDA:124,2,1,0
BRF:4
BRH:0
end_of_record
TN:
SF:src\services\usuario.service.ts
FN:19,(anonymous_1)
FN:53,(anonymous_2)
FN:58,(anonymous_3)
FN:72,(anonymous_4)
FN:113,(anonymous_5)
FN:133,(anonymous_6)
FN:137,(anonymous_7)
FN:163,(anonymous_8)
FN:177,(anonymous_9)
FNF:9
FNH:0
FNDA:0,(anonymous_1)
FNDA:0,(anonymous_2)
FNDA:0,(anonymous_3)
FNDA:0,(anonymous_4)
FNDA:0,(anonymous_5)
FNDA:0,(anonymous_6)
FNDA:0,(anonymous_7)
FNDA:0,(anonymous_8)
FNDA:0,(anonymous_9)
DA:6,1
DA:13,1
DA:14,1
DA:15,1
DA:18,1
DA:20,0
DA:24,0
DA:25,0
DA:33,0
DA:34,0
DA:36,0
DA:45,0
DA:56,0
DA:58,0
DA:62,0
DA:73,0
DA:79,0
DA:80,0
DA:87,0
DA:88,0
DA:90,0
DA:91,0
DA:97,0
DA:102,0
DA:103,0
DA:105,0
DA:114,0
DA:119,0
DA:121,0
DA:122,0
DA:129,0
DA:133,0
DA:138,0
DA:147,0
DA:148,0
DA:155,0
DA:164,0
DA:169,0
DA:178,0
DA:188,0
LF:40
LH:5
BRDA:24,0,0,0
BRDA:56,1,0,0
BRDA:56,1,1,0
BRDA:79,2,0,0
BRDA:90,3,0,0
BRDA:121,4,0,0
BRDA:147,5,0,0
BRF:7
BRH:0
end_of_record
